[2024-08-24T18:11:50.100+0000] {local_task_job_runner.py:123} INFO - ::group::Pre task execution logs
[2024-08-24T18:11:50.133+0000] {taskinstance.py:2603} INFO - Dependencies all met for dep_context=non-requeueable deps ti=<TaskInstance: process_employee.create_employees_temp_table manual__2024-08-24T18:11:48.036128+00:00 [queued]>
[2024-08-24T18:11:50.150+0000] {taskinstance.py:2603} INFO - Dependencies all met for dep_context=requeueable deps ti=<TaskInstance: process_employee.create_employees_temp_table manual__2024-08-24T18:11:48.036128+00:00 [queued]>
[2024-08-24T18:11:50.151+0000] {taskinstance.py:2856} INFO - Starting attempt 1 of 1
[2024-08-24T18:11:50.190+0000] {taskinstance.py:2879} INFO - Executing <Task(SQLExecuteQueryOperator): create_employees_temp_table> on 2024-08-24 18:11:48.036128+00:00
[2024-08-24T18:11:50.214+0000] {warnings.py:112} WARNING - /home/***/.local/lib/python3.12/site-packages/***/task/task_runner/standard_task_runner.py:70: DeprecationWarning: This process (pid=514) is multi-threaded, use of fork() may lead to deadlocks in the child.
  pid = os.fork()

[2024-08-24T18:11:50.231+0000] {standard_task_runner.py:72} INFO - Started process 521 to run task
[2024-08-24T18:11:50.229+0000] {standard_task_runner.py:104} INFO - Running: ['***', 'tasks', 'run', 'process_employee', 'create_employees_temp_table', 'manual__2024-08-24T18:11:48.036128+00:00', '--job-id', '75', '--raw', '--subdir', 'DAGS_FOLDER/employee_DAG.py', '--cfg-path', '/tmp/tmpcjeflcv5']
[2024-08-24T18:11:50.233+0000] {standard_task_runner.py:105} INFO - Job 75: Subtask create_employees_temp_table
[2024-08-24T18:11:50.423+0000] {task_command.py:467} INFO - Running <TaskInstance: process_employee.create_employees_temp_table manual__2024-08-24T18:11:48.036128+00:00 [running]> on host 67412decceee
[2024-08-24T18:11:50.624+0000] {taskinstance.py:3122} INFO - Exporting env vars: AIRFLOW_CTX_DAG_OWNER='***' AIRFLOW_CTX_DAG_ID='process_employee' AIRFLOW_CTX_TASK_ID='create_employees_temp_table' AIRFLOW_CTX_EXECUTION_DATE='2024-08-24T18:11:48.036128+00:00' AIRFLOW_CTX_TRY_NUMBER='1' AIRFLOW_CTX_DAG_RUN_ID='manual__2024-08-24T18:11:48.036128+00:00'
[2024-08-24T18:11:50.626+0000] {taskinstance.py:731} INFO - ::endgroup::
[2024-08-24T18:11:50.633+0000] {sql.py:282} INFO - Executing: ('\nDROP TABLE IF EXISTS EMPLOYEES_TEMP;\nCREATE TABLE EMPLOYEES_TEMP (\n    "Serial Number" NUMERIC PRIMARY KEY,\n    "Company Name" TEXT,\n    "Employee Markme" TEXT,\n    "Description" TEXT,\n    "Leave" INTEGER\n);',)
[2024-08-24T18:11:50.665+0000] {base.py:84} INFO - Retrieving connection 'employee_db_conn'
[2024-08-24T18:11:50.687+0000] {base.py:84} INFO - Retrieving connection 'employee_db_conn'
[2024-08-24T18:11:50.861+0000] {sql.py:509} INFO - Running statement: 
DROP TABLE IF EXISTS EMPLOYEES_TEMP;
CREATE TABLE EMPLOYEES_TEMP (
    "Serial Number" NUMERIC PRIMARY KEY,
    "Company Name" TEXT,
    "Employee Markme" TEXT,
    "Description" TEXT,
    "Leave" INTEGER
);, parameters: None
[2024-08-24T18:11:51.707+0000] {taskinstance.py:340} INFO - ::group::Post task execution logs
[2024-08-24T18:11:51.709+0000] {taskinstance.py:352} INFO - Marking task as SUCCESS. dag_id=process_employee, task_id=create_employees_temp_table, run_id=manual__2024-08-24T18:11:48.036128+00:00, execution_date=20240824T181148, start_date=20240824T181150, end_date=20240824T181151
[2024-08-24T18:11:51.745+0000] {local_task_job_runner.py:261} INFO - Task exited with return code 0
[2024-08-24T18:11:51.782+0000] {taskinstance.py:3891} INFO - 0 downstream tasks scheduled from follow-on schedule check
[2024-08-24T18:11:51.787+0000] {local_task_job_runner.py:240} INFO - ::endgroup::
